#
# There is insufficient memory for the Java Runtime Environment to continue.
# Native memory allocation (malloc) failed to allocate 65552 bytes. Error detail: Chunk::new
# Possible reasons:
#   The system is out of physical RAM or swap space
#   This process is running with CompressedOops enabled, and the Java Heap may be blocking the growth of the native heap
# Possible solutions:
#   Reduce memory load on the system
#   Increase physical memory or swap space
#   Check if swap backing store is full
#   Decrease Java heap size (-Xmx/-Xms)
#   Decrease number of Java threads
#   Decrease Java thread stack sizes (-Xss)
#   Set larger code cache with -XX:ReservedCodeCacheSize=
#   JVM is running with Unscaled Compressed Oops mode in which the Java heap is
#     placed in the first 4GB address space. The Java Heap base address is the
#     maximum limit for the native heap growth. Please use -XX:HeapBaseMinAddress
#     to set the Java Heap base and to place the Java Heap above 4GB virtual address.
# This output file may be truncated or incomplete.
#
#  Out of Memory Error (arena.cpp:149), pid=21700, tid=21048
#
# JRE version: Java(TM) SE Runtime Environment (23.0.2+7) (build 23.0.2+7-58)
# Java VM: Java HotSpot(TM) 64-Bit Server VM (23.0.2+7-58, mixed mode, sharing, tiered, compressed oops, compressed class ptrs, g1 gc, windows-amd64)
# No core dump will be written. Minidumps are not enabled by default on client versions of Windows
#

---------------  S U M M A R Y ------------

Command Line: -javaagent:C:\Program Files\JetBrains\IntelliJ IDEA Community Edition 2024.3.2.2\lib\idea_rt.jar=58417:C:\Program Files\JetBrains\IntelliJ IDEA Community Edition 2024.3.2.2\bin -Dfile.encoding=UTF-8 -Dsun.stdout.encoding=UTF-8 -Dsun.stderr.encoding=UTF-8 com.co.api_restaurant.RestaurantApplication

Host: AMD Ryzen 3 3250U with Radeon Graphics         , 4 cores, 3G,  Windows 11 , 64 bit Build 26100 (10.0.26100.4202)
Time: Sat May 31 01:36:40 2025 Hora est. Pacífico, Sudamérica elapsed time: 16.267086 seconds (0d 0h 0m 16s)

---------------  T H R E A D  ---------------

Current thread (0x000001d2411543e0):  JavaThread "C2 CompilerThread0" daemon [_thread_in_native, id=21048, stack(0x000000607bf00000,0x000000607c000000) (1024K)]


Current CompileTask:
C2:16267 5838   !   4       org.springframework.util.ReflectionUtils::doWithMethods (189 bytes)

Stack: [0x000000607bf00000,0x000000607c000000]
Native frames: (J=compiled Java code, j=interpreted, Vv=VM code, C=native code)
V  [jvm.dll+0x6e0b99]  (no source info available)
V  [jvm.dll+0x87e2b3]  (no source info available)
V  [jvm.dll+0x88073e]  (no source info available)
V  [jvm.dll+0x880e13]  (no source info available)
V  [jvm.dll+0x27b006]  (no source info available)
V  [jvm.dll+0xbc06f]  (no source info available)
V  [jvm.dll+0xbc45b]  (no source info available)
V  [jvm.dll+0xbbf1b]  (no source info available)
V  [jvm.dll+0x738aac]  (no source info available)
V  [jvm.dll+0x61130f]  (no source info available)
V  [jvm.dll+0x6192d1]  (no source info available)
V  [jvm.dll+0x61567b]  (no source info available)
V  [jvm.dll+0x5fc8d2]  (no source info available)
V  [jvm.dll+0x5fa7b3]  (no source info available)
V  [jvm.dll+0x606b35]  (no source info available)
V  [jvm.dll+0x24def2]  (no source info available)
V  [jvm.dll+0x2461bc]  (no source info available)
V  [jvm.dll+0x243e04]  (no source info available)
V  [jvm.dll+0x1c34b0]  (no source info available)
V  [jvm.dll+0x253df1]  (no source info available)
V  [jvm.dll+0x2520aa]  (no source info available)
V  [jvm.dll+0x3ee226]  (no source info available)
V  [jvm.dll+0x8254cb]  (no source info available)
V  [jvm.dll+0x6df345]  (no source info available)
C  [ucrtbase.dll+0x37b0]  (no source info available)
C  [KERNEL32.DLL+0x2e8d7]  (no source info available)
C  [ntdll.dll+0x3c34c]  (no source info available)

Lock stack of current Java thread (top to bottom):


---------------  P R O C E S S  ---------------

Threads class SMR info:
_java_thread_list=0x000001d24820b560, length=18, elements={
0x000001d24ad4d9d0, 0x000001d24113ad90, 0x000001d24113c710, 0x000001d241143830,
0x000001d241144290, 0x000001d241146860, 0x000001d241152ed0, 0x000001d2411543e0,
0x000001d241158590, 0x000001d24125f5d0, 0x000001d2416dbef0, 0x000001d2416dc560,
0x000001d247f1d020, 0x000001d2472e0610, 0x000001d2472e26e0, 0x000001d2472df260,
0x000001d2472e0ca0, 0x000001d2472e1330
}

Java Threads: ( => current thread )
  0x000001d24ad4d9d0 JavaThread "main"                              [_thread_in_Java, id=17548, stack(0x000000607b100000,0x000000607b200000) (1024K)]
  0x000001d24113ad90 JavaThread "Reference Handler"          daemon [_thread_blocked, id=22404, stack(0x000000607b900000,0x000000607ba00000) (1024K)]
  0x000001d24113c710 JavaThread "Finalizer"                  daemon [_thread_blocked, id=13296, stack(0x000000607ba00000,0x000000607bb00000) (1024K)]
  0x000001d241143830 JavaThread "Signal Dispatcher"          daemon [_thread_blocked, id=14612, stack(0x000000607bb00000,0x000000607bc00000) (1024K)]
  0x000001d241144290 JavaThread "Attach Listener"            daemon [_thread_blocked, id=12840, stack(0x000000607bc00000,0x000000607bd00000) (1024K)]
  0x000001d241146860 JavaThread "Service Thread"             daemon [_thread_blocked, id=20776, stack(0x000000607bd00000,0x000000607be00000) (1024K)]
  0x000001d241152ed0 JavaThread "Monitor Deflation Thread"   daemon [_thread_blocked, id=21588, stack(0x000000607be00000,0x000000607bf00000) (1024K)]
=>0x000001d2411543e0 JavaThread "C2 CompilerThread0"         daemon [_thread_in_native, id=21048, stack(0x000000607bf00000,0x000000607c000000) (1024K)]
  0x000001d241158590 JavaThread "C1 CompilerThread0"         daemon [_thread_blocked, id=21024, stack(0x000000607c000000,0x000000607c100000) (1024K)]
  0x000001d24125f5d0 JavaThread "Common-Cleaner"             daemon [_thread_blocked, id=21208, stack(0x000000607c100000,0x000000607c200000) (1024K)]
  0x000001d2416dbef0 JavaThread "Monitor Ctrl-Break"         daemon [_thread_in_native, id=19460, stack(0x000000607c200000,0x000000607c300000) (1024K)]
  0x000001d2416dc560 JavaThread "Notification Thread"        daemon [_thread_blocked, id=21592, stack(0x000000607c300000,0x000000607c400000) (1024K)]
  0x000001d247f1d020 JavaThread "Catalina-utility-1"                [_thread_blocked, id=7676, stack(0x000000607c700000,0x000000607c800000) (1024K)]
  0x000001d2472e0610 JavaThread "Catalina-utility-2"                [_thread_blocked, id=22376, stack(0x000000607c800000,0x000000607c900000) (1024K)]
  0x000001d2472e26e0 JavaThread "container-0"                       [_thread_blocked, id=20160, stack(0x000000607c900000,0x000000607ca00000) (1024K)]
  0x000001d2472df260 JavaThread "mysql-cj-abandoned-connection-cleanup" daemon [_thread_blocked, id=536, stack(0x000000607ca00000,0x000000607cb00000) (1024K)]
  0x000001d2472e0ca0 JavaThread "HikariPool-1:housekeeper"   daemon [_thread_blocked, id=15856, stack(0x000000607cc00000,0x000000607cd00000) (1024K)]
  0x000001d2472e1330 JavaThread "HikariPool-1:connection-adder" daemon [_thread_blocked, id=18940, stack(0x000000607cd00000,0x000000607ce00000) (1024K)]
Total: 18

Other Threads:
  0x000001d2411225e0 VMThread "VM Thread"                           [id=13016, stack(0x000000607b800000,0x000000607b900000) (1024K)]
  0x000001d24c972700 WatcherThread "VM Periodic Task Thread"        [id=11640, stack(0x000000607b700000,0x000000607b800000) (1024K)]
  0x000001d24c8fa0c0 WorkerThread "GC Thread#0"                     [id=3896, stack(0x000000607b200000,0x000000607b300000) (1024K)]
  0x000001d241aa37b0 WorkerThread "GC Thread#1"                     [id=8084, stack(0x000000607c400000,0x000000607c500000) (1024K)]
  0x000001d241d3fc00 WorkerThread "GC Thread#2"                     [id=22080, stack(0x000000607c500000,0x000000607c600000) (1024K)]
  0x000001d241d3ffb0 WorkerThread "GC Thread#3"                     [id=8776, stack(0x000000607c600000,0x000000607c700000) (1024K)]
  0x000001d24c9039f0 ConcurrentGCThread "G1 Main Marker"            [id=21420, stack(0x000000607b300000,0x000000607b400000) (1024K)]
  0x000001d24c905420 WorkerThread "G1 Conc#0"                       [id=21120, stack(0x000000607b400000,0x000000607b500000) (1024K)]
  0x000001d24c95ed60 ConcurrentGCThread "G1 Refine#0"               [id=11096, stack(0x000000607b500000,0x000000607b600000) (1024K)]
  0x000001d24c960cf0 ConcurrentGCThread "G1 Service"                [id=7980, stack(0x000000607b600000,0x000000607b700000) (1024K)]
Total: 10

Threads with active compile tasks:
C2 CompilerThread0  16680 5838   !   4       org.springframework.util.ReflectionUtils::doWithMethods (189 bytes)
Total: 1

VM state: not at safepoint (normal execution)

VM Mutex/Monitor currently owned by a thread: None

Heap address: 0x00000000c9400000, size: 876 MB, Compressed Oops mode: 32-bit

CDS archive(s) mapped at: [0x000001d200000000-0x000001d200d70000-0x000001d200d70000), size 14090240, SharedBaseAddress: 0x000001d200000000, ArchiveRelocationMode: 1.
Compressed class space mapped at: 0x000001d201000000-0x000001d241000000, reserved size: 1073741824
Narrow klass base: 0x000001d200000000, Narrow klass shift: 0, Narrow klass range: 0x41000000

GC Precious Log:
 CardTable entry size: 512
 Card Set container configuration: InlinePtr #cards 5 size 8 Array Of Cards #cards 10 size 36 Howl #buckets 4 coarsen threshold 1843 Howl Bitmap #cards 512 size 80 coarsen threshold 460 Card regions per heap region 1 cards per card region 2048
 CPUs: 4 total, 4 available
 Memory: 3499M
 Large Page Support: Disabled
 NUMA Support: Disabled
 Compressed Oops: Enabled (32-bit)
 Heap Region Size: 1M
 Heap Min Capacity: 8M
 Heap Initial Capacity: 56M
 Heap Max Capacity: 876M
 Pre-touch: Disabled
 Parallel Workers: 4
 Concurrent Workers: 1
 Concurrent Refinement Workers: 4
 Periodic GC: Disabled

Heap:
 garbage-first heap   total reserved 897024K, committed 48128K, used 33270K [0x00000000c9400000, 0x0000000100000000)
  region size 1024K, 9 young (9216K), 2 survivors (2048K)
 Metaspace       used 63202K, committed 63808K, reserved 1114112K
  class space    used 8714K, committed 8960K, reserved 1048576K

Heap Regions: E=young(eden), S=young(survivor), O=old, HS=humongous(starts), HC=humongous(continues), CS=collection set, F=free, TAMS=top-at-mark-start, PB=parsable bottom
|   0|0x00000000c9400000, 0x00000000c9500000, 0x00000000c9500000|100%|HS|  |TAMS 0x00000000c9400000| PB 0x00000000c9400000| Complete |  0
|   1|0x00000000c9500000, 0x00000000c9600000, 0x00000000c9600000|100%|HS|  |TAMS 0x00000000c9500000| PB 0x00000000c9500000| Complete |  0
|   2|0x00000000c9600000, 0x00000000c9700000, 0x00000000c9700000|100%| O|  |TAMS 0x00000000c9600000| PB 0x00000000c9600000| Untracked |  0
|   3|0x00000000c9700000, 0x00000000c9800000, 0x00000000c9800000|100%| O|  |TAMS 0x00000000c9700000| PB 0x00000000c9700000| Untracked |  0
|   4|0x00000000c9800000, 0x00000000c9900000, 0x00000000c9900000|100%| O|  |TAMS 0x00000000c9800000| PB 0x00000000c9800000| Untracked |  0
|   5|0x00000000c9900000, 0x00000000c9a00000, 0x00000000c9a00000|100%| O|  |TAMS 0x00000000c9900000| PB 0x00000000c9900000| Untracked |  0
|   6|0x00000000c9a00000, 0x00000000c9b00000, 0x00000000c9b00000|100%| O|  |TAMS 0x00000000c9a00000| PB 0x00000000c9a00000| Untracked |  0
|   7|0x00000000c9b00000, 0x00000000c9c00000, 0x00000000c9c00000|100%| O|  |TAMS 0x00000000c9b00000| PB 0x00000000c9b00000| Untracked |  0
|   8|0x00000000c9c00000, 0x00000000c9d00000, 0x00000000c9d00000|100%| O|  |TAMS 0x00000000c9c00000| PB 0x00000000c9c00000| Untracked |  0
|   9|0x00000000c9d00000, 0x00000000c9e00000, 0x00000000c9e00000|100%| O|  |TAMS 0x00000000c9d00000| PB 0x00000000c9d00000| Untracked |  0
|  10|0x00000000c9e00000, 0x00000000c9f00000, 0x00000000c9f00000|100%| O|  |TAMS 0x00000000c9e00000| PB 0x00000000c9e00000| Untracked |  0
|  11|0x00000000c9f00000, 0x00000000ca000000, 0x00000000ca000000|100%| O|  |TAMS 0x00000000c9f00000| PB 0x00000000c9f00000| Untracked |  0
|  12|0x00000000ca000000, 0x00000000ca100000, 0x00000000ca100000|100%| O|  |TAMS 0x00000000ca000000| PB 0x00000000ca000000| Untracked |  0
|  13|0x00000000ca100000, 0x00000000ca200000, 0x00000000ca200000|100%| O|  |TAMS 0x00000000ca100000| PB 0x00000000ca100000| Untracked |  0
|  14|0x00000000ca200000, 0x00000000ca300000, 0x00000000ca300000|100%| O|  |TAMS 0x00000000ca200000| PB 0x00000000ca200000| Untracked |  0
|  15|0x00000000ca300000, 0x00000000ca400000, 0x00000000ca400000|100%| O|  |TAMS 0x00000000ca300000| PB 0x00000000ca300000| Untracked |  0
|  16|0x00000000ca400000, 0x00000000ca500000, 0x00000000ca500000|100%| O|  |TAMS 0x00000000ca400000| PB 0x00000000ca400000| Untracked |  0
|  17|0x00000000ca500000, 0x00000000ca600000, 0x00000000ca600000|100%| O|  |TAMS 0x00000000ca500000| PB 0x00000000ca500000| Untracked |  0
|  18|0x00000000ca600000, 0x00000000ca700000, 0x00000000ca700000|100%| O|  |TAMS 0x00000000ca600000| PB 0x00000000ca600000| Untracked |  0
|  19|0x00000000ca700000, 0x00000000ca800000, 0x00000000ca800000|100%| O|Cm|TAMS 0x00000000ca700000| PB 0x00000000ca700000| Complete |  0
|  20|0x00000000ca800000, 0x00000000ca900000, 0x00000000ca900000|100%| O|  |TAMS 0x00000000ca800000| PB 0x00000000ca800000| Untracked |  0
|  21|0x00000000ca900000, 0x00000000caa00000, 0x00000000caa00000|100%| O|  |TAMS 0x00000000ca900000| PB 0x00000000ca900000| Untracked |  0
|  22|0x00000000caa00000, 0x00000000cab00000, 0x00000000cab00000|100%| O|  |TAMS 0x00000000caa00000| PB 0x00000000caa00000| Untracked |  0
|  23|0x00000000cab00000, 0x00000000cac00000, 0x00000000cac00000|100%| O|  |TAMS 0x00000000cab00000| PB 0x00000000cab00000| Untracked |  0
|  24|0x00000000cac00000, 0x00000000cacefae0, 0x00000000cad00000| 93%| O|  |TAMS 0x00000000cac00000| PB 0x00000000cac00000| Untracked |  0
|  25|0x00000000cad00000, 0x00000000cad00000, 0x00000000cae00000|  0%| F|  |TAMS 0x00000000cad00000| PB 0x00000000cad00000| Untracked |  0
|  26|0x00000000cae00000, 0x00000000cae00000, 0x00000000caf00000|  0%| F|  |TAMS 0x00000000cae00000| PB 0x00000000cae00000| Untracked |  0
|  27|0x00000000caf00000, 0x00000000caf8df80, 0x00000000cb000000| 55%| S|CS|TAMS 0x00000000caf00000| PB 0x00000000caf00000| Complete |  0
|  28|0x00000000cb000000, 0x00000000cb000000, 0x00000000cb100000|  0%| F|  |TAMS 0x00000000cb000000| PB 0x00000000cb000000| Untracked |  0
|  29|0x00000000cb100000, 0x00000000cb200000, 0x00000000cb200000|100%| S|CS|TAMS 0x00000000cb100000| PB 0x00000000cb100000| Complete |  0
|  30|0x00000000cb200000, 0x00000000cb200000, 0x00000000cb300000|  0%| F|  |TAMS 0x00000000cb200000| PB 0x00000000cb200000| Untracked |  0
|  31|0x00000000cb300000, 0x00000000cb300000, 0x00000000cb400000|  0%| F|  |TAMS 0x00000000cb300000| PB 0x00000000cb300000| Untracked |  0
|  32|0x00000000cb400000, 0x00000000cb400000, 0x00000000cb500000|  0%| F|  |TAMS 0x00000000cb400000| PB 0x00000000cb400000| Untracked |  0
|  33|0x00000000cb500000, 0x00000000cb500000, 0x00000000cb600000|  0%| F|  |TAMS 0x00000000cb500000| PB 0x00000000cb500000| Untracked |  0
|  34|0x00000000cb600000, 0x00000000cb600000, 0x00000000cb700000|  0%| F|  |TAMS 0x00000000cb600000| PB 0x00000000cb600000| Untracked |  0
|  35|0x00000000cb700000, 0x00000000cb700000, 0x00000000cb800000|  0%| F|  |TAMS 0x00000000cb700000| PB 0x00000000cb700000| Untracked |  0
|  36|0x00000000cb800000, 0x00000000cb800000, 0x00000000cb900000|  0%| F|  |TAMS 0x00000000cb800000| PB 0x00000000cb800000| Untracked |  0
|  37|0x00000000cb900000, 0x00000000cb900000, 0x00000000cba00000|  0%| F|  |TAMS 0x00000000cb900000| PB 0x00000000cb900000| Untracked |  0
|  38|0x00000000cba00000, 0x00000000cba00000, 0x00000000cbb00000|  0%| F|  |TAMS 0x00000000cba00000| PB 0x00000000cba00000| Untracked |  0
|  39|0x00000000cbb00000, 0x00000000cbb00000, 0x00000000cbc00000|  0%| F|  |TAMS 0x00000000cbb00000| PB 0x00000000cbb00000| Untracked |  0
|  40|0x00000000cbc00000, 0x00000000cbcead80, 0x00000000cbd00000| 91%| E|  |TAMS 0x00000000cbc00000| PB 0x00000000cbc00000| Complete |  0
|  41|0x00000000cbd00000, 0x00000000cbe00000, 0x00000000cbe00000|100%| E|CS|TAMS 0x00000000cbd00000| PB 0x00000000cbd00000| Complete |  0
|  42|0x00000000cbe00000, 0x00000000cbf00000, 0x00000000cbf00000|100%| E|CS|TAMS 0x00000000cbe00000| PB 0x00000000cbe00000| Complete |  0
|  43|0x00000000cbf00000, 0x00000000cc000000, 0x00000000cc000000|100%| E|CS|TAMS 0x00000000cbf00000| PB 0x00000000cbf00000| Complete |  0
|  44|0x00000000cc000000, 0x00000000cc100000, 0x00000000cc100000|100%| E|CS|TAMS 0x00000000cc000000| PB 0x00000000cc000000| Complete |  0
|  45|0x00000000cc100000, 0x00000000cc200000, 0x00000000cc200000|100%| E|CS|TAMS 0x00000000cc100000| PB 0x00000000cc100000| Complete |  0
|  55|0x00000000ccb00000, 0x00000000ccc00000, 0x00000000ccc00000|100%| E|CS|TAMS 0x00000000ccb00000| PB 0x00000000ccb00000| Complete |  0

Card table byte_map: [0x000001d264a40000,0x000001d264c00000] _byte_map_base: 0x000001d2643f6000

Marking Bits: (CMBitMap*) 0x000001d24c8fa7d0
 Bits: [0x000001d264c00000, 0x000001d2659b0000)

Polling page: 0x000001d24b0b0000

Metaspace:

Usage:
  Non-class:     53.22 MB used.
      Class:      8.51 MB used.
       Both:     61.73 MB used.

Virtual space:
  Non-class space:       64.00 MB reserved,      53.56 MB ( 84%) committed,  1 nodes.
      Class space:        1.00 GB reserved,       8.75 MB ( <1%) committed,  1 nodes.
             Both:        1.06 GB reserved,      62.31 MB (  6%) committed. 

Chunk freelists:
   Non-Class:  10.03 MB
       Class:  7.08 MB
        Both:  17.11 MB

MaxMetaspaceSize: unlimited
CompressedClassSpaceSize: 1.00 GB
Initial GC threshold: 21.00 MB
Current GC threshold: 95.75 MB
CDS: on
 - commit_granule_bytes: 65536.
 - commit_granule_words: 8192.
 - virtual_space_node_default_size: 8388608.
 - enlarge_chunks_in_place: 1.
 - use_allocation_guard: 0.


Internal statistics:

num_allocs_failed_limit: 6.
num_arena_births: 792.
num_arena_deaths: 0.
num_vsnodes_births: 2.
num_vsnodes_deaths: 0.
num_space_committed: 997.
num_space_uncommitted: 0.
num_chunks_returned_to_freelist: 6.
num_chunks_taken_from_freelist: 2872.
num_chunk_merges: 6.
num_chunk_splits: 2088.
num_chunks_enlarged: 1652.
num_inconsistent_stats: 0.

CodeHeap 'non-profiled nmethods': size=120064Kb used=2011Kb max_used=2039Kb free=118052Kb
 bounds [0x000001d25cd10000, 0x000001d25cf80000, 0x000001d264250000]
CodeHeap 'profiled nmethods': size=120000Kb used=8130Kb max_used=8329Kb free=111869Kb
 bounds [0x000001d255250000, 0x000001d255aa0000, 0x000001d25c780000]
CodeHeap 'non-nmethods': size=5696Kb used=1714Kb max_used=1733Kb free=3981Kb
 bounds [0x000001d25c780000, 0x000001d25c9f0000, 0x000001d25cd10000]
CodeCache: size=245760Kb, used=11855Kb, max_used=12101Kb, free=233902Kb
 total_blobs=6012, nmethods=5259, adapters=658, full_count=0
Compilation: enabled, stopped_count=0, restarted_count=0

Compilation events (20 events):
Event: 16.100 Thread 0x000001d241158590 nmethod 5842 0x000001d255386308 code [0x000001d255386520, 0x000001d255387098]
Event: 16.101 Thread 0x000001d241158590 5843       3       org.springframework.util.ReflectionUtils::findDefaultMethodsOnInterfaces (97 bytes)
Event: 16.102 Thread 0x000001d241158590 nmethod 5843 0x000001d255517688 code [0x000001d255517840, 0x000001d2555180d0]
Event: 16.102 Thread 0x000001d241158590 5844       3       java.lang.Module::isExported (15 bytes)
Event: 16.103 Thread 0x000001d241158590 nmethod 5844 0x000001d255517208 code [0x000001d255517340, 0x000001d2555175f0]
Event: 16.103 Thread 0x000001d241158590 5845       1       java.lang.Module::getName (5 bytes)
Event: 16.103 Thread 0x000001d241158590 nmethod 5845 0x000001d25ce02a08 code [0x000001d25ce02b20, 0x000001d25ce02be8]
Event: 16.105 Thread 0x000001d241158590 5848       3       java.lang.classfile.CodeBuilder::branch (15 bytes)
Event: 16.106 Thread 0x000001d241158590 nmethod 5848 0x000001d255577f88 code [0x000001d255578120, 0x000001d2555788e0]
Event: 16.106 Thread 0x000001d241158590 5849       3       java.lang.classfile.instruction.BranchInstruction::of (17 bytes)
Event: 16.107 Thread 0x000001d241158590 nmethod 5849 0x000001d255412e08 code [0x000001d255412f60, 0x000001d2554133c0]
Event: 16.107 Thread 0x000001d241158590 5850       3       java.lang.invoke.LambdaFormEditor::filterArgumentForm (121 bytes)
Event: 16.108 Thread 0x000001d241158590 nmethod 5850 0x000001d25574fe08 code [0x000001d25574ffa0, 0x000001d255750390]
Event: 16.108 Thread 0x000001d241158590 5851       3       org.springframework.core.MethodClassKey::equals (51 bytes)
Event: 16.108 Thread 0x000001d241158590 nmethod 5851 0x000001d25574f808 code [0x000001d25574f960, 0x000001d25574fd78]
Event: 16.109 Thread 0x000001d241158590 5852   !   3       org.springframework.util.ReflectionUtils::getDeclaredFields (81 bytes)
Event: 16.110 Thread 0x000001d241158590 nmethod 5852 0x000001d255323208 code [0x000001d255323420, 0x000001d255323e88]
Event: 16.230 Thread 0x000001d241158590 5853       3       java.lang.reflect.ProxyGenerator::lambda$generateClassFile$0 (149 bytes)
Event: 16.259 Thread 0x000001d241158590 nmethod 5853 0x000001d25530bb88 code [0x000001d25530bf60, 0x000001d25530e150]
Event: 16.259 Thread 0x000001d241158590 5854       3       java.lang.reflect.ProxyGenerator::lambda$generateStaticInitializer$4 (353 bytes)

GC Heap History (20 events):
Event: 4.592 GC heap before
{Heap before GC invocations=4 (full 0):
 garbage-first heap   total reserved 897024K, committed 57344K, used 22837K [0x00000000c9400000, 0x0000000100000000)
  region size 1024K, 16 young (16384K), 4 survivors (4096K)
 Metaspace       used 21165K, committed 21504K, reserved 1114112K
  class space    used 2716K, committed 2880K, reserved 1048576K
}
Event: 4.603 GC heap after
{Heap after GC invocations=5 (full 0):
 garbage-first heap   total reserved 897024K, committed 57344K, used 13585K [0x00000000c9400000, 0x0000000100000000)
  region size 1024K, 1 young (1024K), 1 survivors (1024K)
 Metaspace       used 21165K, committed 21504K, reserved 1114112K
  class space    used 2716K, committed 2880K, reserved 1048576K
}
Event: 5.979 GC heap before
{Heap before GC invocations=6 (full 0):
 garbage-first heap   total reserved 897024K, committed 48128K, used 40209K [0x00000000c9400000, 0x0000000100000000)
  region size 1024K, 27 young (27648K), 1 survivors (1024K)
 Metaspace       used 25533K, committed 25856K, reserved 1114112K
  class space    used 3322K, committed 3456K, reserved 1048576K
}
Event: 5.989 GC heap after
{Heap after GC invocations=7 (full 0):
 garbage-first heap   total reserved 897024K, committed 48128K, used 16352K [0x00000000c9400000, 0x0000000100000000)
  region size 1024K, 4 young (4096K), 4 survivors (4096K)
 Metaspace       used 25533K, committed 25856K, reserved 1114112K
  class space    used 3322K, committed 3456K, reserved 1048576K
}
Event: 7.265 GC heap before
{Heap before GC invocations=7 (full 0):
 garbage-first heap   total reserved 897024K, committed 48128K, used 36832K [0x00000000c9400000, 0x0000000100000000)
  region size 1024K, 24 young (24576K), 4 survivors (4096K)
 Metaspace       used 29226K, committed 29696K, reserved 1114112K
  class space    used 3852K, committed 4096K, reserved 1048576K
}
Event: 7.284 GC heap after
{Heap after GC invocations=8 (full 0):
 garbage-first heap   total reserved 897024K, committed 48128K, used 18444K [0x00000000c9400000, 0x0000000100000000)
  region size 1024K, 3 young (3072K), 3 survivors (3072K)
 Metaspace       used 29226K, committed 29696K, reserved 1114112K
  class space    used 3852K, committed 4096K, reserved 1048576K
}
Event: 9.014 GC heap before
{Heap before GC invocations=8 (full 0):
 garbage-first heap   total reserved 897024K, committed 48128K, used 37900K [0x00000000c9400000, 0x0000000100000000)
  region size 1024K, 22 young (22528K), 3 survivors (3072K)
 Metaspace       used 33289K, committed 33856K, reserved 1114112K
  class space    used 4412K, committed 4672K, reserved 1048576K
}
Event: 9.022 GC heap after
{Heap after GC invocations=9 (full 0):
 garbage-first heap   total reserved 897024K, committed 48128K, used 20621K [0x00000000c9400000, 0x0000000100000000)
  region size 1024K, 3 young (3072K), 3 survivors (3072K)
 Metaspace       used 33289K, committed 33856K, reserved 1114112K
  class space    used 4412K, committed 4672K, reserved 1048576K
}
Event: 9.671 GC heap before
{Heap before GC invocations=9 (full 0):
 garbage-first heap   total reserved 897024K, committed 48128K, used 26765K [0x00000000c9400000, 0x0000000100000000)
  region size 1024K, 11 young (11264K), 3 survivors (3072K)
 Metaspace       used 35382K, committed 35968K, reserved 1114112K
  class space    used 4694K, committed 4992K, reserved 1048576K
}
Event: 9.678 GC heap after
{Heap after GC invocations=10 (full 0):
 garbage-first heap   total reserved 897024K, committed 48128K, used 21275K [0x00000000c9400000, 0x0000000100000000)
  region size 1024K, 1 young (1024K), 1 survivors (1024K)
 Metaspace       used 35382K, committed 35968K, reserved 1114112K
  class space    used 4694K, committed 4992K, reserved 1048576K
}
Event: 10.618 GC heap before
{Heap before GC invocations=11 (full 0):
 garbage-first heap   total reserved 897024K, committed 48128K, used 39707K [0x00000000c9400000, 0x0000000100000000)
  region size 1024K, 19 young (19456K), 1 survivors (1024K)
 Metaspace       used 39880K, committed 40384K, reserved 1114112K
  class space    used 5464K, committed 5696K, reserved 1048576K
}
Event: 10.621 GC heap after
{Heap after GC invocations=12 (full 0):
 garbage-first heap   total reserved 897024K, committed 48128K, used 22203K [0x00000000c9400000, 0x0000000100000000)
  region size 1024K, 2 young (2048K), 2 survivors (2048K)
 Metaspace       used 39880K, committed 40384K, reserved 1114112K
  class space    used 5464K, committed 5696K, reserved 1048576K
}
Event: 12.214 GC heap before
{Heap before GC invocations=12 (full 0):
 garbage-first heap   total reserved 897024K, committed 48128K, used 39611K [0x00000000c9400000, 0x0000000100000000)
  region size 1024K, 20 young (20480K), 2 survivors (2048K)
 Metaspace       used 48471K, committed 49024K, reserved 1114112K
  class space    used 6520K, committed 6784K, reserved 1048576K
}
Event: 12.221 GC heap after
{Heap after GC invocations=13 (full 0):
 garbage-first heap   total reserved 897024K, committed 48128K, used 24409K [0x00000000c9400000, 0x0000000100000000)
  region size 1024K, 3 young (3072K), 3 survivors (3072K)
 Metaspace       used 48471K, committed 49024K, reserved 1114112K
  class space    used 6520K, committed 6784K, reserved 1048576K
}
Event: 13.019 GC heap before
{Heap before GC invocations=13 (full 0):
 garbage-first heap   total reserved 897024K, committed 48128K, used 40793K [0x00000000c9400000, 0x0000000100000000)
  region size 1024K, 20 young (20480K), 3 survivors (3072K)
 Metaspace       used 52407K, committed 52928K, reserved 1114112K
  class space    used 7024K, committed 7232K, reserved 1048576K
}
Event: 13.027 GC heap after
{Heap after GC invocations=14 (full 0):
 garbage-first heap   total reserved 897024K, committed 48128K, used 25775K [0x00000000c9400000, 0x0000000100000000)
  region size 1024K, 2 young (2048K), 2 survivors (2048K)
 Metaspace       used 52407K, committed 52928K, reserved 1114112K
  class space    used 7024K, committed 7232K, reserved 1048576K
}
Event: 14.308 GC heap before
{Heap before GC invocations=14 (full 0):
 garbage-first heap   total reserved 897024K, committed 48128K, used 41135K [0x00000000c9400000, 0x0000000100000000)
  region size 1024K, 18 young (18432K), 2 survivors (2048K)
 Metaspace       used 57965K, committed 58496K, reserved 1114112K
  class space    used 7915K, committed 8128K, reserved 1048576K
}
Event: 14.312 GC heap after
{Heap after GC invocations=15 (full 0):
 garbage-first heap   total reserved 897024K, committed 48128K, used 26375K [0x00000000c9400000, 0x0000000100000000)
  region size 1024K, 2 young (2048K), 2 survivors (2048K)
 Metaspace       used 57965K, committed 58496K, reserved 1114112K
  class space    used 7915K, committed 8128K, reserved 1048576K
}
Event: 15.098 GC heap before
{Heap before GC invocations=16 (full 0):
 garbage-first heap   total reserved 897024K, committed 48128K, used 41735K [0x00000000c9400000, 0x0000000100000000)
  region size 1024K, 18 young (18432K), 2 survivors (2048K)
 Metaspace       used 62111K, committed 62720K, reserved 1114112K
  class space    used 8619K, committed 8896K, reserved 1048576K
}
Event: 15.103 GC heap after
{Heap after GC invocations=17 (full 0):
 garbage-first heap   total reserved 897024K, committed 48128K, used 27126K [0x00000000c9400000, 0x0000000100000000)
  region size 1024K, 2 young (2048K), 2 survivors (2048K)
 Metaspace       used 62111K, committed 62720K, reserved 1114112K
  class space    used 8619K, committed 8896K, reserved 1048576K
}

Dll operation events (14 events):
Event: 0.032 Loaded shared library C:\Program Files\Java\jdk-23\bin\java.dll
Event: 0.090 Loaded shared library C:\Program Files\Java\jdk-23\bin\jsvml.dll
Event: 0.363 Loaded shared library C:\Program Files\Java\jdk-23\bin\zip.dll
Event: 0.372 Loaded shared library C:\Program Files\Java\jdk-23\bin\instrument.dll
Event: 0.386 Loaded shared library C:\Program Files\Java\jdk-23\bin\net.dll
Event: 0.391 Loaded shared library C:\Program Files\Java\jdk-23\bin\nio.dll
Event: 0.398 Loaded shared library C:\Program Files\Java\jdk-23\bin\zip.dll
Event: 0.685 Loaded shared library C:\Program Files\JetBrains\IntelliJ IDEA Community Edition 2024.3.2.2\bin\breakgen64.dll
Event: 0.743 Loaded shared library C:\Program Files\Java\jdk-23\bin\extnet.dll
Event: 0.838 Loaded shared library C:\Program Files\Java\jdk-23\bin\jimage.dll
Event: 5.154 Loaded shared library C:\Program Files\Java\jdk-23\bin\sunmscapi.dll
Event: 8.166 Loaded shared library C:\Program Files\Java\jdk-23\bin\management.dll
Event: 8.177 Loaded shared library C:\Program Files\Java\jdk-23\bin\management_ext.dll
Event: 10.169 Loaded shared library C:\Program Files\Java\jdk-23\bin\verify.dll

Deoptimization events (20 events):
Event: 16.073 Thread 0x000001d24ad4d9d0 Uncommon trap: trap_request=0xffffffbe fr.pc=0x000001d25ce98f0c relative=0x000000000000432c
Event: 16.073 Thread 0x000001d24ad4d9d0 Uncommon trap: reason=profile_predicate action=maybe_recompile pc=0x000001d25ce98f0c method=org.springframework.util.ReflectionUtils.doWithMethods(Ljava/lang/Class;Lorg/springframework/util/ReflectionUtils$MethodCallback;Lorg/springframework/util/Reflecti
Event: 16.073 Thread 0x000001d24ad4d9d0 DEOPT PACKING pc=0x000001d25ce98f0c sp=0x000000607b1fd020
Event: 16.073 Thread 0x000001d24ad4d9d0 DEOPT UNPACKING pc=0x000001d25c7d4402 sp=0x000000607b1fd068 mode 2
Event: 16.090 Thread 0x000001d24ad4d9d0 Uncommon trap: trap_request=0xffffff45 fr.pc=0x000001d25cd95164 relative=0x0000000000000364
Event: 16.090 Thread 0x000001d24ad4d9d0 Uncommon trap: reason=unstable_if action=reinterpret pc=0x000001d25cd95164 method=org.springframework.core.annotation.TypeMappedAnnotations$MergedAnnotationFinder.doWithAnnotations(Ljava/lang/Object;ILjava/lang/Object;[Ljava/lang/annotation/Annotation;)Lo
Event: 16.090 Thread 0x000001d24ad4d9d0 DEOPT PACKING pc=0x000001d25cd95164 sp=0x000000607b1fc1f0
Event: 16.090 Thread 0x000001d24ad4d9d0 DEOPT UNPACKING pc=0x000001d25c7d4402 sp=0x000000607b1fc130 mode 2
Event: 16.107 Thread 0x000001d24ad4d9d0 Uncommon trap: trap_request=0xffffff45 fr.pc=0x000001d25ce819a4 relative=0x00000000000000e4
Event: 16.107 Thread 0x000001d24ad4d9d0 Uncommon trap: reason=unstable_if action=reinterpret pc=0x000001d25ce819a4 method=org.springframework.core.ResolvableType.resolveClass()Ljava/lang/Class; @ 38 c2
Event: 16.107 Thread 0x000001d24ad4d9d0 DEOPT PACKING pc=0x000001d25ce819a4 sp=0x000000607b1fb310
Event: 16.107 Thread 0x000001d24ad4d9d0 DEOPT UNPACKING pc=0x000001d25c7d4402 sp=0x000000607b1fb288 mode 2
Event: 16.112 Thread 0x000001d24ad4d9d0 Uncommon trap: trap_request=0xffffff45 fr.pc=0x000001d25cec72f8 relative=0x00000000000001d8
Event: 16.112 Thread 0x000001d24ad4d9d0 Uncommon trap: reason=unstable_if action=reinterpret pc=0x000001d25cec72f8 method=java.util.ArrayDeque.addLast(Ljava/lang/Object;)V @ 42 c2
Event: 16.112 Thread 0x000001d24ad4d9d0 DEOPT PACKING pc=0x000001d25cec72f8 sp=0x000000607b1fbd10
Event: 16.112 Thread 0x000001d24ad4d9d0 DEOPT UNPACKING pc=0x000001d25c7d4402 sp=0x000000607b1fbc68 mode 2
Event: 16.261 Thread 0x000001d24ad4d9d0 Uncommon trap: trap_request=0xffffff45 fr.pc=0x000001d25ce4aec8 relative=0x0000000000000a88
Event: 16.261 Thread 0x000001d24ad4d9d0 Uncommon trap: reason=unstable_if action=reinterpret pc=0x000001d25ce4aec8 method=jdk.internal.classfile.impl.SplitConstantPool.internalAdd(Ljava/lang/classfile/constantpool/PoolEntry;I)Ljava/lang/classfile/constantpool/PoolEntry; @ 18 c2
Event: 16.261 Thread 0x000001d24ad4d9d0 DEOPT PACKING pc=0x000001d25ce4aec8 sp=0x000000607b1fa470
Event: 16.261 Thread 0x000001d24ad4d9d0 DEOPT UNPACKING pc=0x000001d25c7d4402 sp=0x000000607b1fa438 mode 2

Classes loaded (20 events):
Event: 12.929 Loading class java/util/concurrent/CompletableFuture$AsynchronousCompletionTask done
Event: 12.930 Loading class java/util/concurrent/CompletableFuture$Completion done
Event: 13.015 Loading class java/util/WeakHashMap$EntrySet
Event: 13.015 Loading class java/util/WeakHashMap$EntrySet done
Event: 13.015 Loading class java/util/WeakHashMap$EntryIterator
Event: 13.016 Loading class java/util/WeakHashMap$HashIterator
Event: 13.016 Loading class java/util/WeakHashMap$HashIterator done
Event: 13.016 Loading class java/util/WeakHashMap$EntryIterator done
Event: 13.138 Loading class java/util/concurrent/CancellationException
Event: 13.138 Loading class java/util/concurrent/CancellationException done
Event: 14.173 Loading class java/util/ArrayList$ListItr
Event: 14.173 Loading class java/util/ArrayList$ListItr done
Event: 14.253 Loading class java/util/AbstractList$SubList
Event: 14.253 Loading class java/util/AbstractList$SubList done
Event: 16.046 Loading class javax/naming/Reference
Event: 16.046 Loading class javax/naming/Reference done
Event: 16.102 Loading class java/lang/SafeVarargs
Event: 16.102 Loading class java/lang/SafeVarargs done
Event: 16.104 Loading class sun/reflect/generics/reflectiveObjects/GenericArrayTypeImpl
Event: 16.105 Loading class sun/reflect/generics/reflectiveObjects/GenericArrayTypeImpl done

Classes unloaded (0 events):
No events

Classes redefined (0 events):
No events

Internal exceptions (20 events):
Event: 13.157 Thread 0x000001d24ad4d9d0 Exception <a 'java/lang/IncompatibleClassChangeError'{0x00000000cc09ece0}: Found class java.lang.Object, but interface was expected> (0x00000000cc09ece0) 
thrown [s\open\src\hotspot\share\interpreter\linkResolver.cpp, line 863]
Event: 13.192 Thread 0x000001d24ad4d9d0 Exception <a 'java/lang/NoSuchMethodError'{0x00000000cbf5b080}: 'java.lang.Object java.lang.invoke.DirectMethodHandle$Holder.invokeStatic(java.lang.Object, java.lang.Object, int, java.lang.Object)'> (0x00000000cbf5b080) 
thrown [s\open\src\hotspot\share\interpreter\linkResolver.cpp, line 796]
Event: 13.192 Thread 0x000001d24ad4d9d0 Exception <a 'java/lang/NoSuchMethodError'{0x00000000cbf5e890}: 'java.lang.Object java.lang.invoke.DirectMethodHandle$Holder.invokeStaticInit(java.lang.Object, java.lang.Object, int, java.lang.Object)'> (0x00000000cbf5e890) 
thrown [s\open\src\hotspot\share\interpreter\linkResolver.cpp, line 796]
Event: 14.657 Thread 0x000001d24ad4d9d0 Exception <a 'java/lang/NoSuchMethodError'{0x00000000cbcf7378}: 'void java.lang.invoke.DirectMethodHandle$Holder.invokeStaticInit(java.lang.Object, int, java.lang.Object, java.lang.Object, java.lang.Object, java.lang.Object)'> (0x00000000cbcf7378) 
thrown [s\open\src\hotspot\share\interpreter\linkResolver.cpp, line 796]
Event: 14.698 Thread 0x000001d24ad4d9d0 Exception <a 'java/lang/NoSuchMethodError'{0x00000000cba03808}: 'int java.lang.invoke.DirectMethodHandle$Holder.invokeStatic(java.lang.Object, java.lang.Object, java.lang.Object, java.lang.Object, java.lang.Object)'> (0x00000000cba03808) 
thrown [s\open\src\hotspot\share\interpreter\linkResolver.cpp, line 796]
Event: 14.718 Thread 0x000001d24ad4d9d0 Exception <a 'java/lang/NoSuchMethodError'{0x00000000cba55508}: 'void java.lang.invoke.DirectMethodHandle$Holder.invokeInterface(java.lang.Object, java.lang.Object, int, java.lang.Object)'> (0x00000000cba55508) 
thrown [s\open\src\hotspot\share\interpreter\linkResolver.cpp, line 796]
Event: 14.727 Thread 0x000001d24ad4d9d0 Exception <a 'java/lang/NoSuchMethodError'{0x00000000cba77e58}: 'java.lang.Object java.lang.invoke.DirectMethodHandle$Holder.newInvokeSpecial(java.lang.Object, java.lang.Object, int, java.lang.Object)'> (0x00000000cba77e58) 
thrown [s\open\src\hotspot\share\interpreter\linkResolver.cpp, line 796]
Event: 14.727 Thread 0x000001d24ad4d9d0 Exception <a 'java/lang/NoSuchMethodError'{0x00000000cba7b7e0}: 'java.lang.Object java.lang.invoke.Invokers$Holder.linkToTargetMethod(java.lang.Object, int, java.lang.Object, java.lang.Object)'> (0x00000000cba7b7e0) 
thrown [s\open\src\hotspot\share\interpreter\linkResolver.cpp, line 796]
Event: 14.793 Thread 0x000001d24ad4d9d0 Exception <a 'java/lang/NoSuchMethodError'{0x00000000cb938368}: 'void java.lang.invoke.DirectMethodHandle$Holder.invokeSpecial(java.lang.Object, java.lang.Object, java.lang.Object, java.lang.Object, java.lang.Object, java.lang.Object, java.lang.Object, java.lang.Object)'> (0x00000000cb938368) 
thrown [s\open\src\hotspot\share\interpreter\linkResolver.cpp, line 796]
Event: 14.806 Thread 0x000001d24ad4d9d0 Exception <a 'java/lang/NoSuchMethodError'{0x00000000cb970840}: 'void java.lang.invoke.DirectMethodHandle$Holder.invokeSpecial(java.lang.Object, java.lang.Object, int, java.lang.Object)'> (0x00000000cb970840) 
thrown [s\open\src\hotspot\share\interpreter\linkResolver.cpp, line 796]
Event: 14.807 Thread 0x000001d24ad4d9d0 Exception <a 'java/lang/NoSuchMethodError'{0x00000000cb976bb8}: 'java.lang.Object java.lang.invoke.DirectMethodHandle$Holder.newInvokeSpecial(java.lang.Object, java.lang.Object, int)'> (0x00000000cb976bb8) 
thrown [s\open\src\hotspot\share\interpreter\linkResolver.cpp, line 796]
Event: 14.864 Thread 0x000001d24ad4d9d0 Exception <a 'java/lang/NoSuchMethodError'{0x00000000cb8b5208}: 'int java.lang.invoke.DirectMethodHandle$Holder.invokeSpecial(java.lang.Object, java.lang.Object, int, java.lang.Object)'> (0x00000000cb8b5208) 
thrown [s\open\src\hotspot\share\interpreter\linkResolver.cpp, line 796]
Event: 14.864 Thread 0x000001d24ad4d9d0 Exception <a 'java/lang/NoSuchMethodError'{0x00000000cb8bdb78}: 'int java.lang.invoke.DirectMethodHandle$Holder.invokeStatic(java.lang.Object, int, java.lang.Object)'> (0x00000000cb8bdb78) 
thrown [s\open\src\hotspot\share\interpreter\linkResolver.cpp, line 796]
Event: 14.870 Thread 0x000001d24ad4d9d0 Exception <a 'java/lang/NoSuchMethodError'{0x00000000cb8d6ba0}: 'java.lang.Object java.lang.invoke.DirectMethodHandle$Holder.newInvokeSpecial(java.lang.Object, java.lang.Object, java.lang.Object, java.lang.Object, java.lang.Object, int, java.lang.Object)'> (0x00000000cb8d6ba0) 
thrown [s\open\src\hotspot\share\interpreter\linkResolver.cpp, line 796]
Event: 14.880 Thread 0x000001d24ad4d9d0 Exception <a 'java/lang/NoSuchMethodError'{0x00000000cb706ef8}: 'java.lang.Object java.lang.invoke.Invokers$Holder.linkToTargetMethod(java.lang.Object, java.lang.Object, java.lang.Object, java.lang.Object, java.lang.Object, java.lang.Object, java.lang.Object, java.lang.Object, java.lang.Object, java.lang.Object, java.lang.Object, java.lang.Object)'> (0x00000000cb706ef8) 
thrown [s\open\src\hotspot\share\interpreter\linkResolver.cpp, line 796]
Event: 14.933 Thread 0x000001d24ad4d9d0 Exception <a 'java/lang/IncompatibleClassChangeError'{0x00000000cb655da8}: Found class java.lang.Object, but interface was expected> (0x00000000cb655da8) 
thrown [s\open\src\hotspot\share\interpreter\linkResolver.cpp, line 863]
Event: 14.957 Thread 0x000001d24ad4d9d0 Exception <a 'java/lang/NoSuchMethodError'{0x00000000cb6c7940}: 'java.lang.Object java.lang.invoke.DirectMethodHandle$Holder.newInvokeSpecial(java.lang.Object, java.lang.Object, java.lang.Object, java.lang.Object, java.lang.Object, java.lang.Object, java.lang.Object, int)'> (0x00000000cb6c7940) 
thrown [s\open\src\hotspot\share\interpreter\linkResolver.cpp, line 796]
Event: 14.957 Thread 0x000001d24ad4d9d0 Exception <a 'java/lang/NoSuchMethodError'{0x00000000cb6cbee8}: 'java.lang.Object java.lang.invoke.DirectMethodHandle$Holder.invokeSpecial(java.lang.Object, java.lang.Object, java.lang.Object, java.lang.Object, java.lang.Object, java.lang.Object, java.lang.Object, java.lang.Object, int)'> (0x00000000cb6cbee8) 
thrown [s\open\src\hotspot\share\interpreter\linkResolver.cpp, line 796]
Event: 14.958 Thread 0x000001d24ad4d9d0 Exception <a 'java/lang/NoSuchMethodError'{0x00000000cb6cff18}: 'java.lang.Object java.lang.invoke.Invokers$Holder.linkToTargetMethod(java.lang.Object, java.lang.Object, java.lang.Object, java.lang.Object, java.lang.Object, java.lang.Object, int, java.lang.Object)'> (0x00000000cb6cff18) 
thrown [s\open\src\hotspot\share\interpreter\linkResolver.cpp, line 796]
Event: 16.075 Thread 0x000001d24ad4d9d0 Exception <a 'java/lang/NoSuchMethodError'{0x00000000cc09b850}: 'void java.lang.invoke.Invokers$Holder.invokeExact_MT(java.lang.Object, java.lang.Object, java.lang.Object, java.lang.Object)'> (0x00000000cc09b850) 
thrown [s\open\src\hotspot\share\interpreter\linkResolver.cpp, line 796]

VM Operations (20 events):
Event: 12.214 Executing VM operation: G1CollectForAllocation (G1 Evacuation Pause)
Event: 12.221 Executing VM operation: G1CollectForAllocation (G1 Evacuation Pause) done
Event: 13.019 Executing VM operation: G1CollectForAllocation (G1 Evacuation Pause)
Event: 13.027 Executing VM operation: G1CollectForAllocation (G1 Evacuation Pause) done
Event: 14.168 Executing VM operation: HandshakeAllThreads (Deoptimize)
Event: 14.168 Executing VM operation: HandshakeAllThreads (Deoptimize) done
Event: 14.174 Executing VM operation: HandshakeAllThreads (Deoptimize)
Event: 14.174 Executing VM operation: HandshakeAllThreads (Deoptimize) done
Event: 14.219 Executing VM operation: HandshakeAllThreads (Deoptimize)
Event: 14.219 Executing VM operation: HandshakeAllThreads (Deoptimize) done
Event: 14.307 Executing VM operation: G1CollectForAllocation (G1 Evacuation Pause)
Event: 14.312 Executing VM operation: G1CollectForAllocation (G1 Evacuation Pause) done
Event: 14.386 Executing VM operation: G1PauseRemark
Event: 14.393 Executing VM operation: G1PauseRemark done
Event: 14.415 Executing VM operation: G1PauseCleanup
Event: 14.415 Executing VM operation: G1PauseCleanup done
Event: 15.098 Executing VM operation: G1CollectForAllocation (G1 Evacuation Pause)
Event: 15.103 Executing VM operation: G1CollectForAllocation (G1 Evacuation Pause) done
Event: 15.187 Executing VM operation: HandshakeAllThreads (Deoptimize)
Event: 15.187 Executing VM operation: HandshakeAllThreads (Deoptimize) done

Memory protections (0 events):
No events

Nmethod flushes (20 events):
Event: 14.391 Thread 0x000001d2411225e0 flushing  nmethod 0x000001d25559c608
Event: 14.391 Thread 0x000001d2411225e0 flushing  nmethod 0x000001d2555a1688
Event: 14.391 Thread 0x000001d2411225e0 flushing  nmethod 0x000001d25561df88
Event: 14.391 Thread 0x000001d2411225e0 flushing  nmethod 0x000001d255621208
Event: 14.391 Thread 0x000001d2411225e0 flushing  nmethod 0x000001d2556b8788
Event: 14.391 Thread 0x000001d2411225e0 flushing  nmethod 0x000001d2556c0288
Event: 14.391 Thread 0x000001d2411225e0 flushing  nmethod 0x000001d25572f008
Event: 14.391 Thread 0x000001d2411225e0 flushing  nmethod 0x000001d255730a88
Event: 14.391 Thread 0x000001d2411225e0 flushing  nmethod 0x000001d255730e08
Event: 14.391 Thread 0x000001d2411225e0 flushing  nmethod 0x000001d255733508
Event: 14.391 Thread 0x000001d2411225e0 flushing  nmethod 0x000001d255734508
Event: 14.391 Thread 0x000001d2411225e0 flushing  nmethod 0x000001d255749a88
Event: 14.391 Thread 0x000001d2411225e0 flushing  nmethod 0x000001d255765088
Event: 14.391 Thread 0x000001d2411225e0 flushing  nmethod 0x000001d2557ca388
Event: 14.391 Thread 0x000001d2411225e0 flushing  nmethod 0x000001d2557cc608
Event: 14.391 Thread 0x000001d2411225e0 flushing  nmethod 0x000001d255830e88
Event: 14.391 Thread 0x000001d2411225e0 flushing  nmethod 0x000001d255837b08
Event: 14.391 Thread 0x000001d2411225e0 flushing  nmethod 0x000001d255891d88
Event: 14.391 Thread 0x000001d2411225e0 flushing  nmethod 0x000001d255903a08
Event: 14.391 Thread 0x000001d2411225e0 flushing  nmethod 0x000001d25590bd08

Events (20 events):
Event: 0.085 Thread 0x000001d24ad4d9d0 Thread added: 0x000001d24113c710
Event: 0.086 Thread 0x000001d24ad4d9d0 Thread added: 0x000001d241143830
Event: 0.086 Thread 0x000001d24ad4d9d0 Thread added: 0x000001d241144290
Event: 0.086 Thread 0x000001d24ad4d9d0 Thread added: 0x000001d241146860
Event: 0.086 Thread 0x000001d24ad4d9d0 Thread added: 0x000001d241152ed0
Event: 0.086 Thread 0x000001d24ad4d9d0 Thread added: 0x000001d2411543e0
Event: 0.087 Thread 0x000001d24ad4d9d0 Thread added: 0x000001d241158590
Event: 0.307 Thread 0x000001d24ad4d9d0 Thread added: 0x000001d24125f5d0
Event: 0.686 Thread 0x000001d24ad4d9d0 Thread added: 0x000001d2416dbef0
Event: 0.686 Thread 0x000001d24ad4d9d0 Thread added: 0x000001d2416dc560
Event: 2.628 Thread 0x000001d24ad4d9d0 Thread added: 0x000001d2463d7e00
Event: 3.836 Thread 0x000001d24ad4d9d0 Thread added: 0x000001d2476748c0
Event: 3.980 Thread 0x000001d2476748c0 Thread exited: 0x000001d2476748c0
Event: 5.164 Thread 0x000001d2463d7e00 Thread exited: 0x000001d2463d7e00
Event: 8.767 Thread 0x000001d24ad4d9d0 Thread added: 0x000001d247f1d020
Event: 8.770 Thread 0x000001d247f1d020 Thread added: 0x000001d2472e0610
Event: 8.778 Thread 0x000001d24ad4d9d0 Thread added: 0x000001d2472e26e0
Event: 8.884 Thread 0x000001d24ad4d9d0 Thread added: 0x000001d2472df260
Event: 11.865 Thread 0x000001d24ad4d9d0 Thread added: 0x000001d2472e0ca0
Event: 11.979 Thread 0x000001d2472e0ca0 Thread added: 0x000001d2472e1330


Dynamic libraries:
0x00007ff762310000 - 0x00007ff762320000 	C:\Program Files\Java\jdk-23\bin\java.exe
0x00007ff94cd80000 - 0x00007ff94cfe5000 	C:\WINDOWS\SYSTEM32\ntdll.dll
0x00007ff94ca50000 - 0x00007ff94cb19000 	C:\WINDOWS\System32\KERNEL32.DLL
0x00007ff949ed0000 - 0x00007ff94a2b8000 	C:\WINDOWS\System32\KERNELBASE.dll
0x00007ff94a7c0000 - 0x00007ff94a90b000 	C:\WINDOWS\System32\ucrtbase.dll
0x00007ff93c8c0000 - 0x00007ff93c8d7000 	C:\Program Files\Java\jdk-23\bin\jli.dll
0x00007ff93c950000 - 0x00007ff93c96b000 	C:\Program Files\Java\jdk-23\bin\VCRUNTIME140.dll
0x00007ff94c570000 - 0x00007ff94c73a000 	C:\WINDOWS\System32\USER32.dll
0x00007ff94a400000 - 0x00007ff94a427000 	C:\WINDOWS\System32\win32u.dll
0x00007ff94cc20000 - 0x00007ff94cc4b000 	C:\WINDOWS\System32\GDI32.dll
0x00007ff94a2c0000 - 0x00007ff94a3f7000 	C:\WINDOWS\System32\gdi32full.dll
0x00007ff94a670000 - 0x00007ff94a713000 	C:\WINDOWS\System32\msvcp_win.dll
0x00007ff935f00000 - 0x00007ff93619a000 	C:\WINDOWS\WinSxS\amd64_microsoft.windows.common-controls_6595b64144ccf1df_6.0.26100.4202_none_3e0698d4e335f517\COMCTL32.dll
0x00007ff94bec0000 - 0x00007ff94bf69000 	C:\WINDOWS\System32\msvcrt.dll
0x00007ff94cbe0000 - 0x00007ff94cc10000 	C:\WINDOWS\System32\IMM32.DLL
0x00007ff93c8b0000 - 0x00007ff93c8bc000 	C:\Program Files\Java\jdk-23\bin\vcruntime140_1.dll
0x00007ff91de20000 - 0x00007ff91deae000 	C:\Program Files\Java\jdk-23\bin\msvcp140.dll
0x00007ff8de900000 - 0x00007ff8df650000 	C:\Program Files\Java\jdk-23\bin\server\jvm.dll
0x00007ff94cb20000 - 0x00007ff94cbd3000 	C:\WINDOWS\System32\ADVAPI32.dll
0x00007ff94af70000 - 0x00007ff94b016000 	C:\WINDOWS\System32\sechost.dll
0x00007ff94ab70000 - 0x00007ff94ac85000 	C:\WINDOWS\System32\RPCRT4.dll
0x00007ff94c7b0000 - 0x00007ff94c824000 	C:\WINDOWS\System32\WS2_32.dll
0x00007ff949d20000 - 0x00007ff949d7e000 	C:\WINDOWS\SYSTEM32\POWRPROF.dll
0x00007ff943dd0000 - 0x00007ff943ddb000 	C:\WINDOWS\SYSTEM32\VERSION.dll
0x00007ff943d90000 - 0x00007ff943dc5000 	C:\WINDOWS\SYSTEM32\WINMM.dll
0x00007ff949d00000 - 0x00007ff949d14000 	C:\WINDOWS\SYSTEM32\UMPDC.dll
0x00007ff948c90000 - 0x00007ff948cab000 	C:\WINDOWS\SYSTEM32\kernel.appcore.dll
0x00007ff93c8a0000 - 0x00007ff93c8aa000 	C:\Program Files\Java\jdk-23\bin\jimage.dll
0x00007ff93e810000 - 0x00007ff93ea51000 	C:\WINDOWS\SYSTEM32\DBGHELP.DLL
0x00007ff94b0b0000 - 0x00007ff94b435000 	C:\WINDOWS\System32\combase.dll
0x00007ff94cc50000 - 0x00007ff94cd31000 	C:\WINDOWS\System32\OLEAUT32.dll
0x00007ff92b030000 - 0x00007ff92b069000 	C:\WINDOWS\SYSTEM32\dbgcore.DLL
0x00007ff94a720000 - 0x00007ff94a7b9000 	C:\WINDOWS\System32\bcryptPrimitives.dll
0x00007ff937560000 - 0x00007ff93756f000 	C:\Program Files\Java\jdk-23\bin\instrument.dll
0x00007ff93c820000 - 0x00007ff93c83e000 	C:\Program Files\Java\jdk-23\bin\java.dll
0x00007ff94bc90000 - 0x00007ff94be2e000 	C:\WINDOWS\System32\ole32.dll
0x00007ff94b540000 - 0x00007ff94bc82000 	C:\WINDOWS\System32\SHELL32.dll
0x00007ff94a430000 - 0x00007ff94a5a4000 	C:\WINDOWS\System32\wintypes.dll
0x00007ff947b70000 - 0x00007ff9483c7000 	C:\WINDOWS\SYSTEM32\windows.storage.dll
0x00007ff94ac90000 - 0x00007ff94ad81000 	C:\WINDOWS\System32\SHCORE.dll
0x00007ff94c740000 - 0x00007ff94c7aa000 	C:\WINDOWS\System32\shlwapi.dll
0x00007ff949de0000 - 0x00007ff949e0f000 	C:\WINDOWS\SYSTEM32\profapi.dll
0x00007ff906e50000 - 0x00007ff906f27000 	C:\Program Files\Java\jdk-23\bin\jsvml.dll
0x00007ff937920000 - 0x00007ff937937000 	C:\Program Files\Java\jdk-23\bin\zip.dll
0x00007ff93c730000 - 0x00007ff93c740000 	C:\Program Files\Java\jdk-23\bin\net.dll
0x00007ff949200000 - 0x00007ff94926a000 	C:\WINDOWS\system32\mswsock.dll
0x00007ff937940000 - 0x00007ff937956000 	C:\Program Files\Java\jdk-23\bin\nio.dll
0x00007ff937080000 - 0x00007ff93709a000 	C:\Program Files\JetBrains\IntelliJ IDEA Community Edition 2024.3.2.2\bin\breakgen64.dll
0x00007ff937b20000 - 0x00007ff937b29000 	C:\Program Files\Java\jdk-23\bin\extnet.dll
0x00007ff937a70000 - 0x00007ff937a7e000 	C:\Program Files\Java\jdk-23\bin\sunmscapi.dll
0x00007ff94a910000 - 0x00007ff94aa87000 	C:\WINDOWS\System32\CRYPT32.dll
0x00007ff9496d0000 - 0x00007ff949700000 	C:\WINDOWS\SYSTEM32\ncrypt.dll
0x00007ff949680000 - 0x00007ff9496bf000 	C:\WINDOWS\SYSTEM32\NTASN1.dll
0x00007ff9494b0000 - 0x00007ff9494cb000 	C:\WINDOWS\SYSTEM32\CRYPTSP.dll
0x00007ff948bf0000 - 0x00007ff948c2a000 	C:\WINDOWS\system32\rsaenh.dll
0x00007ff9492a0000 - 0x00007ff9492cb000 	C:\WINDOWS\SYSTEM32\USERENV.dll
0x00007ff949db0000 - 0x00007ff949dd6000 	C:\WINDOWS\SYSTEM32\bcrypt.dll
0x00007ff9494d0000 - 0x00007ff9494dc000 	C:\WINDOWS\SYSTEM32\CRYPTBASE.dll
0x00007ff948710000 - 0x00007ff948743000 	C:\WINDOWS\SYSTEM32\IPHLPAPI.DLL
0x00007ff94c550000 - 0x00007ff94c55a000 	C:\WINDOWS\System32\NSI.dll
0x00007ff937070000 - 0x00007ff93707a000 	C:\Program Files\Java\jdk-23\bin\management.dll
0x00007ff937060000 - 0x00007ff93706b000 	C:\Program Files\Java\jdk-23\bin\management_ext.dll
0x00007ff94c560000 - 0x00007ff94c568000 	C:\WINDOWS\System32\PSAPI.DLL
0x00007ff937570000 - 0x00007ff937580000 	C:\Program Files\Java\jdk-23\bin\verify.dll
0x00007ff9487b0000 - 0x00007ff9488d7000 	C:\WINDOWS\SYSTEM32\DNSAPI.dll
0x00007ff92fca0000 - 0x00007ff92fcab000 	C:\Windows\System32\rasadhlp.dll
0x00007ff93e690000 - 0x00007ff93e716000 	C:\WINDOWS\System32\fwpuclnt.dll

dbghelp: loaded successfully - version: 4.0.5 - missing functions: none
symbol engine: initialized successfully - sym options: 0x614 - pdb path: .;C:\Program Files\Java\jdk-23\bin;C:\WINDOWS\SYSTEM32;C:\WINDOWS\WinSxS\amd64_microsoft.windows.common-controls_6595b64144ccf1df_6.0.26100.4202_none_3e0698d4e335f517;C:\Program Files\Java\jdk-23\bin\server;C:\Program Files\JetBrains\IntelliJ IDEA Community Edition 2024.3.2.2\bin

VM Arguments:
jvm_args: -javaagent:C:\Program Files\JetBrains\IntelliJ IDEA Community Edition 2024.3.2.2\lib\idea_rt.jar=58417:C:\Program Files\JetBrains\IntelliJ IDEA Community Edition 2024.3.2.2\bin -Dfile.encoding=UTF-8 -Dsun.stdout.encoding=UTF-8 -Dsun.stderr.encoding=UTF-8 
java_command: com.co.api_restaurant.RestaurantApplication
java_class_path (initial): C:\Users\yeiso\restaurant\restaurant\target\classes;C:\Users\yeiso\.m2\repository\org\springframework\boot\spring-boot-starter-data-jpa\3.5.0\spring-boot-starter-data-jpa-3.5.0.jar;C:\Users\yeiso\.m2\repository\org\springframework\boot\spring-boot-starter\3.5.0\spring-boot-starter-3.5.0.jar;C:\Users\yeiso\.m2\repository\org\springframework\boot\spring-boot\3.5.0\spring-boot-3.5.0.jar;C:\Users\yeiso\.m2\repository\org\springframework\boot\spring-boot-autoconfigure\3.5.0\spring-boot-autoconfigure-3.5.0.jar;C:\Users\yeiso\.m2\repository\org\springframework\boot\spring-boot-starter-logging\3.5.0\spring-boot-starter-logging-3.5.0.jar;C:\Users\yeiso\.m2\repository\ch\qos\logback\logback-classic\1.5.18\logback-classic-1.5.18.jar;C:\Users\yeiso\.m2\repository\ch\qos\logback\logback-core\1.5.18\logback-core-1.5.18.jar;C:\Users\yeiso\.m2\repository\org\apache\logging\log4j\log4j-to-slf4j\2.24.3\log4j-to-slf4j-2.24.3.jar;C:\Users\yeiso\.m2\repository\org\apache\logging\log4j\log4j-api\2.24.3\log4j-api-2.24.3.jar;C:\Users\yeiso\.m2\repository\org\slf4j\jul-to-slf4j\2.0.17\jul-to-slf4j-2.0.17.jar;C:\Users\yeiso\.m2\repository\jakarta\annotation\jakarta.annotation-api\2.1.1\jakarta.annotation-api-2.1.1.jar;C:\Users\yeiso\.m2\repository\org\yaml\snakeyaml\2.4\snakeyaml-2.4.jar;C:\Users\yeiso\.m2\repository\org\springframework\boot\spring-boot-starter-jdbc\3.5.0\spring-boot-starter-jdbc-3.5.0.jar;C:\Users\yeiso\.m2\repository\com\zaxxer\HikariCP\6.3.0\HikariCP-6.3.0.jar;C:\Users\yeiso\.m2\repository\org\springframework\spring-jdbc\6.2.7\spring-jdbc-6.2.7.jar;C:\Users\yeiso\.m2\repository\org\hibernate\orm\hibernate-core\6.6.15.Final\hibernate-core-6.6.15.Final.jar;C:\Users\yeiso\.m2\repository\jakarta\persistence\jakarta.persistence-api\3.1.0\jakarta.persistence-api-3.1.0.jar;C:\Users\yeiso\.m2\repository\jakarta\transaction\jakarta.transaction-api\2.0.1\jakarta.transaction-api-2.0.1.jar;C:\Users\yeiso\.m2\repository\org\jboss\logging\jboss-logging\3.6.1.Final\jboss-logging-3.6.1.Final.jar;C:\Users\yeiso\.m2\repository\org\hibernate\common\hibernate-commons-annotations\7.0.3.Final\hibernate-commons-annotations-7.0.3.Final.jar;C:\Users\yeiso\.m2\repository\io\smallrye\jandex\3.2.0\jandex-3.2.0.jar;C:\Users\yeiso\.m2\repository\com\fasterxml\classmate\1.7.0\classmate-1.7.0.jar;C:\Users\yeiso\.m2\repository\net\bytebuddy\byte-buddy\1.17.5\byte-buddy-1.17.5.jar;C:\Users\yeiso\.m2\repository\org\glassfish\jaxb\jaxb-runtime\4.0.5\jaxb-runtime-4.0.5.jar;C:\Users\yeiso\.m2\repository\org\glassfish\jaxb\jaxb-core\4.0.5\jaxb-core-4.0.5.jar;C:\Users\yeiso\.m2\repository\org\eclipse\angus\angus-activation\2.0.2\angus-activation-2.0.2.jar;C:\Users\yeiso\.m2\repository\org\glassfish\jaxb\txw2\4.0.5\txw2-4.0.5.jar;C:\Users\yeiso\.m2\repository\com\sun\istack\istack-commons-runtime\4.1.2\istack-commons-runtime-4.1.2.jar;C:\Users\yeiso\.m2\repository\jakarta\inject\jakarta.inject-api\2.0.1\jakarta.inject-api-2.0.1.jar;C:\Users\yeiso\.m2\repository\org\antlr\antlr4-runtime\4.13.0\antlr4-runtime-4.13.0.jar;C:\Users\yeiso\.m2\repository\org\springframework\data\spring-data-jpa\3.5.0\spring-data-jpa-3.5.0.jar;C:\Users\yeiso\.m2\repository\org\springframework\data\spring-data-commons\3.5.0\spring-data-commons-3.5.0.jar;C:\Users\yeiso\.m2\repository\org\springframework\spring-orm\6.2.7\spring-orm-6.2.7.jar;C:\Users\yeiso\.m2\repository\org\springframework\spring-context\6.2.7\spring-context-6.2.7.jar;C:\Users\yeiso\.m2\repository\org\springframework\spring-aop\6.2.7\spring-aop-6.2.7.jar;C:\Users\yeiso\.m2\repository\org\springframework\spring-tx\6.2.7\spring-tx-6.2.7.jar;C:\Users\yeiso\.m2\repository\org\springframework\spring-beans\6.2.7\spring-beans-6.2.7.jar;C:\Users\yeiso\.m2\repository\org\slf4j\slf4j-api\2.0.17\slf4j-api-2.0.17.jar;C:\Users\yeiso\.m2\repository\org\springframework\spring-aspects\6.2.7\spring-aspects-6.2.7.jar;C:\Users\yeiso\.m2\repository\org\aspectj\aspectjweaver\1.9.24\aspectjweaver-1.9.24.jar;C:\Users\yeiso\.m2\repository\org\springframework\boot\spring-boot-starter-web\3.5.0\spring-boot-starter-web-3.5.0.jar;C:\Users\yeiso\.m2\repository\org\springframework\boot\spring-boot-starter-json\3.5.0\spring-boot-starter-json-3.5.0.jar;C:\Users\yeiso\.m2\repository\com\fasterxml\jackson\core\jackson-databind\2.19.0\jackson-databind-2.19.0.jar;C:\Users\yeiso\.m2\repository\com\fasterxml\jackson\core\jackson-annotations\2.19.0\jackson-annotations-2.19.0.jar;C:\Users\yeiso\.m2\repository\com\fasterxml\jackson\core\jackson-core\2.19.0\jackson-core-2.19.0.jar;C:\Users\yeiso\.m2\repository\com\fasterxml\jackson\datatype\jackson-datatype-jdk8\2.19.0\jackson-datatype-jdk8-2.19.0.jar;C:\Users\yeiso\.m2\repository\com\fasterxml\jackson\datatype\jackson-datatype-jsr310\2.19.0\jackson-datatype-jsr310-2.19.0.jar;C:\Users\yeiso\.m2\repository\com\fasterxml\jackson\module\jackson-module-parameter-names\2.19.0\jackson-module-parameter-names-2.19.0.jar;C:\Users\yeiso\.m2\repository\org\springframework\boot\spring-boot-starter-tomcat\3.5.0\spring-boot-starter-tomcat-3.5.0.jar;C:\Users\yeiso\.m2\repository\org\apache\tomcat\embed\tomcat-embed-core\10.1.41\tomcat-embed-core-10.1.41.jar;C:\Users\yeiso\.m2\repository\org\apache\tomcat\embed\tomcat-embed-websocket\10.1.41\tomcat-embed-websocket-10.1.41.jar;C:\Users\yeiso\.m2\repository\org\springframework\spring-web\6.2.7\spring-web-6.2.7.jar;C:\Users\yeiso\.m2\repository\io\micrometer\micrometer-observation\1.15.0\micrometer-observation-1.15.0.jar;C:\Users\yeiso\.m2\repository\io\micrometer\micrometer-commons\1.15.0\micrometer-commons-1.15.0.jar;C:\Users\yeiso\.m2\repository\org\springframework\spring-webmvc\6.2.7\spring-webmvc-6.2.7.jar;C:\Users\yeiso\.m2\repository\org\springframework\spring-expression\6.2.7\spring-expression-6.2.7.jar;C:\Users\yeiso\.m2\repository\com\mysql\mysql-connector-j\9.2.0\mysql-connector-j-9.2.0.jar;C:\Users\yeiso\.m2\repository\org\projectlombok\lombok\1.18.38\lombok-1.18.38.jar;C:\Users\yeiso\.m2\repository\jakarta\xml\bind\jakarta.xml.bind-api\4.0.2\jakarta.xml.bind-api-4.0.2.jar;C:\Users\yeiso\.m2\repository\jakarta\activation\jakarta.activation-api\2.1.3\jakarta.activation-api-2.1.3.jar;C:\Users\yeiso\.m2\repository\org\springframework\spring-core\6.2.7\spring-core-6.2.7.jar;C:\Users\yeiso\.m2\repository\org\springframework\spring-jcl\6.2.7\spring-jcl-6.2.7.jar;C:\Users\yeiso\.m2\repository\org\springframework\boot\spring-boot-starter-validation\3.5.0\spring-boot-starter-validation-3.5.0.jar;C:\Users\yeiso\.m2\repository\org\apache\tomcat\embed\tomcat-embed-el\10.1.41\tomcat-embed-el-10.1.41.jar;C:\Users\yeiso\.m2\repository\org\hibernate\validator\hibernate-validator\8.0.2.Final\hibernate-validator-8.0.2.Final.jar;C:\Users\yeiso\.m2\repository\jakarta\validation\jakarta.validation-api\3.0.2\jakarta.validation-api-3.0.2.jar
Launcher Type: SUN_STANDARD

[Global flags]
     intx CICompilerCount                          = 3                                         {product} {ergonomic}
     uint ConcGCThreads                            = 1                                         {product} {ergonomic}
     uint G1ConcRefinementThreads                  = 4                                         {product} {ergonomic}
   size_t G1HeapRegionSize                         = 1048576                                   {product} {ergonomic}
   size_t InitialHeapSize                          = 58720256                                  {product} {ergonomic}
   size_t MarkStackSize                            = 4194304                                   {product} {ergonomic}
   size_t MarkStackSizeMax                         = 536870912                                 {product} {ergonomic}
   size_t MaxHeapSize                              = 918552576                                 {product} {ergonomic}
   size_t MaxNewSize                               = 550502400                                 {product} {ergonomic}
   size_t MinHeapDeltaBytes                        = 1048576                                   {product} {ergonomic}
   size_t MinHeapSize                              = 8388608                                   {product} {ergonomic}
    uintx NonNMethodCodeHeapSize                   = 5832704                                {pd product} {ergonomic}
    uintx NonProfiledCodeHeapSize                  = 122945536                              {pd product} {ergonomic}
    uintx ProfiledCodeHeapSize                     = 122880000                              {pd product} {ergonomic}
    uintx ReservedCodeCacheSize                    = 251658240                              {pd product} {ergonomic}
     bool SegmentedCodeCache                       = true                                      {product} {ergonomic}
   size_t SoftMaxHeapSize                          = 918552576                              {manageable} {ergonomic}
     bool UseCompressedOops                        = true                           {product lp64_product} {ergonomic}
     bool UseG1GC                                  = true                                      {product} {ergonomic}
     bool UseLargePagesIndividualAllocation        = false                                  {pd product} {ergonomic}

Logging:
Log output configuration:
 #0: stdout all=warning uptime,level,tags foldmultilines=false
 #1: stderr all=off uptime,level,tags foldmultilines=false

Environment Variables:
PATH=C:\Program Files\Common Files\Oracle\Java\javapath;C:\Program Files (x86)\Common Files\Intel\Shared Libraries\redist\intel64\compiler;C:\WINDOWS\system32;C:\WINDOWS;C:\WINDOWS\System32\Wbem;C:\WINDOWS\System32\WindowsPowerShell\v1.0\;C:\WINDOWS\System32\OpenSSH\;C:\Windows\system32;C:\Windows;C:\Windows\System32\Wbem;C:\Program Files\Git\cmd;C:\Program Files\HP\HP One Agent;C:\WINDOWS\system32;C:\WINDOWS;C:\WINDOWS\System32\Wbem;C:\WINDOWS\System32\WindowsPowerShell\v1.0\;C:\WINDOWS\System32\OpenSSH\;C:\apache-maven-3.9.9\bin;C:\Users\yeiso\AppData\Local\Programs\Python\Python311\Scripts\;C:\Users\yeiso\AppData\Local\Programs\Python\Python311\;C:\Users\yeiso\AppData\Local\Microsoft\WindowsApps;C:\Users\yeiso\Documents\Microsoft VS Code\bin;C:\Users\yeiso\AppData\Local\GitHubDesktop\bin;;C:\Program Files\JetBrains\IntelliJ IDEA Community Edition 2024.3.2.2\bin;
USERNAME=yeiso
OS=Windows_NT
PROCESSOR_IDENTIFIER=AMD64 Family 23 Model 24 Stepping 1, AuthenticAMD
TMP=C:\Users\yeiso\AppData\Local\Temp
TEMP=C:\Users\yeiso\AppData\Local\Temp




Periodic native trim disabled

---------------  S Y S T E M  ---------------

OS:
 Windows 11 , 64 bit Build 26100 (10.0.26100.4202)
OS uptime: 1 days 4:08 hours

CPU: total 4 (initial active 4) (4 cores per cpu, 2 threads per core) family 23 model 24 stepping 1 microcode 0x8108109, cx8, cmov, fxsr, ht, mmx, 3dnowpref, sse, sse2, sse3, ssse3, sse4a, sse4.1, sse4.2, popcnt, lzcnt, tsc, tscinvbit, avx, avx2, aes, clmul, bmi1, bmi2, adx, sha, fma, vzeroupper, clflush, clflushopt, rdtscp, f16c
Processor Information for the first 4 processors :
  Max Mhz: 2600, Current Mhz: 2600, Mhz Limit: 2600

Memory: 4k page, system-wide physical 3499M (229M free)
TotalPageFile size 14251M (AvailPageFile size 6M)
current process WorkingSet (physical memory assigned to process): 199M, peak: 210M
current process commit charge ("private bytes"): 243M, peak: 252M

vm_info: Java HotSpot(TM) 64-Bit Server VM (23.0.2+7-58) for windows-amd64 JRE (23.0.2+7-58), built on 2024-11-29T09:34:55Z with MS VC++ 17.6 (VS2022)

END.
